[debug] [2024-09-24T18:26:39.119Z] ----------------------------------------------------------------------
[debug] [2024-09-24T18:26:39.123Z] Command:       C:\Program Files\nodejs\node.exe C:\Users\Shaquille\AppData\Roaming\npm\node_modules\firebase-tools\lib\bin\firebase.js functions:shell
[debug] [2024-09-24T18:26:39.124Z] CLI Version:   13.19.0
[debug] [2024-09-24T18:26:39.124Z] Platform:      win32
[debug] [2024-09-24T18:26:39.124Z] Node Version:  v20.17.0
[debug] [2024-09-24T18:26:39.124Z] Time:          Tue Sep 24 2024 14:26:39 GMT-0400 (Eastern Daylight Time)
[debug] [2024-09-24T18:26:39.125Z] ----------------------------------------------------------------------
[debug] 
[debug] [2024-09-24T18:26:39.215Z] > command requires scopes: ["email","openid","https://www.googleapis.com/auth/cloudplatformprojects.readonly","https://www.googleapis.com/auth/firebase","https://www.googleapis.com/auth/cloud-platform"]
[debug] [2024-09-24T18:26:39.215Z] > authorizing via signed-in user (williamosborne88@gmail.com)
[debug] [2024-09-24T18:26:39.216Z] [iam] checking project lienco-4bba9 for permissions ["firebase.projects.get"]
[debug] [2024-09-24T18:26:39.218Z] >>> [apiv2][query] POST https://cloudresourcemanager.googleapis.com/v1/projects/lienco-4bba9:testIamPermissions [none]
[debug] [2024-09-24T18:26:39.218Z] >>> [apiv2][(partial)header] POST https://cloudresourcemanager.googleapis.com/v1/projects/lienco-4bba9:testIamPermissions x-goog-quota-user=projects/lienco-4bba9
[debug] [2024-09-24T18:26:39.218Z] >>> [apiv2][body] POST https://cloudresourcemanager.googleapis.com/v1/projects/lienco-4bba9:testIamPermissions {"permissions":["firebase.projects.get"]}
[debug] [2024-09-24T18:26:39.719Z] <<< [apiv2][status] POST https://cloudresourcemanager.googleapis.com/v1/projects/lienco-4bba9:testIamPermissions 200
[debug] [2024-09-24T18:26:39.719Z] <<< [apiv2][body] POST https://cloudresourcemanager.googleapis.com/v1/projects/lienco-4bba9:testIamPermissions {"permissions":["firebase.projects.get"]}
[debug] [2024-09-24T18:26:39.724Z] [functions] Functions Emulator only supports listening on one address (127.0.0.1). Not listening on ::1
[debug] [2024-09-24T18:26:39.727Z] defaultcredentials: writing to file C:\Users\Shaquille\AppData\Roaming\firebase\williamosborne88_gmail_com_application_default_credentials.json
[debug] [2024-09-24T18:26:39.731Z] DEBUG: Setting GAC to C:\Users\Shaquille\AppData\Roaming\firebase\williamosborne88_gmail_com_application_default_credentials.json
[debug] [2024-09-24T18:26:39.732Z] >>> [apiv2][query] GET https://firebase.googleapis.com/v1beta1/projects/lienco-4bba9/adminSdkConfig [none]
[debug] [2024-09-24T18:26:40.203Z] <<< [apiv2][status] GET https://firebase.googleapis.com/v1beta1/projects/lienco-4bba9/adminSdkConfig 200
[debug] [2024-09-24T18:26:40.204Z] <<< [apiv2][body] GET https://firebase.googleapis.com/v1beta1/projects/lienco-4bba9/adminSdkConfig {"projectId":"lienco-4bba9","storageBucket":"lienco-4bba9.appspot.com"}
[debug] [2024-09-24T18:26:40.218Z] [functions] Watching "C:\Users\Shaquille\Desktop\Lienco3\lienco\functions" for Cloud Functions...
[debug] [2024-09-24T18:26:40.223Z] Validating nodejs source
[warn] !  functions: package.json indicates an outdated version of firebase-functions. Please upgrade using npm install --save firebase-functions@latest in your functions directory. 
[warn] !  functions: Please note that there will be breaking changes when you upgrade. 
[debug] [2024-09-24T18:26:41.673Z] > [functions] package.json contents: {
  "name": "functions",
  "description": "Cloud Functions for Firebase",
  "scripts": {
    "lint": "eslint .",
    "serve": "firebase emulators:start --only functions",
    "shell": "firebase functions:shell",
    "start": "npm run shell",
    "deploy": "firebase deploy --only functions",
    "logs": "firebase functions:log"
  },
  "engines": {
    "node": "18"
  },
  "main": "index.js",
  "dependencies": {
    "firebase-admin": "^12.1.0",
    "firebase-functions": "^5.0.0",
    "nodemailer": "^6.9.15"
  },
  "devDependencies": {
    "eslint": "^8.15.0",
    "eslint-config-google": "^0.14.0",
    "firebase-functions-test": "^3.1.0"
  },
  "private": true
}
[debug] [2024-09-24T18:26:41.673Z] Building nodejs source
[debug] [2024-09-24T18:26:41.674Z] Failed to find version of module node: reached end of search path C:\Users\Shaquille\Desktop\Lienco3\lienco\functions\node_modules
[warn] !  functions: Your requested "node" version "18" doesn't match your global version "20". Using node@20 from host. 
[debug] [2024-09-24T18:26:41.677Z] Could not find functions.yaml. Must use http discovery
[debug] [2024-09-24T18:26:41.688Z] Found firebase-functions binary at 'C:\Users\Shaquille\Desktop\Lienco3\lienco\functions\node_modules\.bin\firebase-functions'
[info] Serving at port 8952

[debug] [2024-09-24T18:26:43.117Z] Got response from /__/functions.yaml {"endpoints":{"sendContactFormEmail":{"availableMemoryMb":null,"timeoutSeconds":null,"minInstances":null,"maxInstances":null,"ingressSettings":null,"concurrency":null,"serviceAccountEmail":null,"vpc":null,"platform":"gcfv2","labels":{},"eventTrigger":{"eventType":"google.cloud.firestore.document.v1.written","eventFilters":{"database":"(default)","namespace":"(default)"},"eventFilterPathPatterns":{"document":"contactForms/{documentId}"},"retry":false},"entryPoint":"sendContactFormEmail"}},"specVersion":"v1alpha1","requiredAPIs":[],"extensions":{}}
[debug] [2024-09-24T18:26:48.157Z] [functions] Loaded functions definitions from source: sendContactFormEmail.
[debug] [2024-09-24T18:26:48.158Z] [functions[us-central1-sendContactFormEmail]] function ignored because the firestore emulator does not exist or is not running.
[info] i  functions: Loaded functions: sendContactFormEmail 
[warn] !  functions: The following emulators are not running, calls to these services will affect production: firestore, database, pubsub, storage, eventarc, tasks 
